-----------------------------------------------------------
Server listening on 5211 (test #1)
-----------------------------------------------------------
Accepted connection from 127.0.0.1, port 41472
[  5] local 127.0.0.1 port 5211 connected to 127.0.0.1 port 34105
[ ID] Interval           Transfer     Bitrate         Jitter    Lost/Total Datagrams
[  5]   0.00-1.00   sec   640 KBytes  5.24 Mbits/sec  0.034 ms  0/20 (0%)  
[  5]   1.00-2.00   sec   608 KBytes  4.98 Mbits/sec  0.029 ms  0/19 (0%)  
[  5]   2.00-3.00   sec   608 KBytes  4.98 Mbits/sec  0.025 ms  0/19 (0%)  
[  5]   3.00-4.00   sec   608 KBytes  4.98 Mbits/sec  0.033 ms  0/19 (0%)  
[  5]   4.00-5.00   sec   608 KBytes  4.98 Mbits/sec  0.033 ms  0/19 (0%)  
[  5]   5.00-6.00   sec   608 KBytes  4.98 Mbits/sec  0.038 ms  0/19 (0%)  
[  5]   6.00-7.00   sec   608 KBytes  4.98 Mbits/sec  0.051 ms  0/19 (0%)  
[  5]   7.00-8.00   sec   608 KBytes  4.98 Mbits/sec  0.041 ms  0/19 (0%)  
[  5]   8.00-9.00   sec   608 KBytes  4.98 Mbits/sec  0.041 ms  0/19 (0%)  
[  5]   9.00-10.00  sec   608 KBytes  4.98 Mbits/sec  0.038 ms  0/19 (0%)  
[  5]  10.00-11.00  sec   608 KBytes  4.98 Mbits/sec  0.034 ms  0/19 (0%)  
[  5]  11.00-12.00  sec   608 KBytes  4.98 Mbits/sec  0.043 ms  0/19 (0%)  
[  5]  12.00-13.00  sec   608 KBytes  4.98 Mbits/sec  0.034 ms  0/19 (0%)  
[  5]  13.00-14.00  sec   640 KBytes  5.24 Mbits/sec  0.028 ms  0/20 (0%)  
[  5]  14.00-15.00  sec   608 KBytes  4.98 Mbits/sec  0.034 ms  0/19 (0%)  
[  5]  15.00-16.00  sec   608 KBytes  4.98 Mbits/sec  0.023 ms  0/19 (0%)  
[  5]  16.00-17.00  sec   608 KBytes  4.98 Mbits/sec  0.025 ms  0/19 (0%)  
[  5]  17.00-18.00  sec   608 KBytes  4.98 Mbits/sec  0.056 ms  0/19 (0%)  
[  5]  18.00-19.00  sec   608 KBytes  4.98 Mbits/sec  0.038 ms  0/19 (0%)  
[  5]  19.00-20.00  sec   608 KBytes  4.98 Mbits/sec  0.041 ms  0/19 (0%)  
[  5]  20.00-21.00  sec   608 KBytes  4.98 Mbits/sec  0.031 ms  0/19 (0%)  
[  5]  21.00-22.00  sec   608 KBytes  4.98 Mbits/sec  0.023 ms  0/19 (0%)  
[  5]  22.00-23.00  sec   608 KBytes  4.98 Mbits/sec  0.024 ms  0/19 (0%)  
[  5]  23.00-24.00  sec   608 KBytes  4.98 Mbits/sec  0.032 ms  0/19 (0%)  
[  5]  24.00-25.00  sec   608 KBytes  4.98 Mbits/sec  0.029 ms  0/19 (0%)  
[  5]  25.00-26.00  sec   608 KBytes  4.98 Mbits/sec  0.051 ms  0/19 (0%)  
[  5]  26.00-27.00  sec   608 KBytes  4.98 Mbits/sec  0.038 ms  0/19 (0%)  
[  5]  27.00-28.00  sec   640 KBytes  5.24 Mbits/sec  0.034 ms  0/20 (0%)  
[  5]  28.00-29.00  sec   608 KBytes  4.98 Mbits/sec  0.065 ms  0/19 (0%)  
[  5]  29.00-30.00  sec   608 KBytes  4.98 Mbits/sec  0.038 ms  0/19 (0%)  
- - - - - - - - - - - - - - - - - - - - - - - - -
[ ID] Interval           Transfer     Bitrate         Jitter    Lost/Total Datagrams
[  5]   0.00-30.00  sec  17.9 MBytes  5.01 Mbits/sec  0.038 ms  0/573 (0%)  receiver
